     1                                  section .data
     2                                  
     3 00000000 6D79206E616D652069-     	msg2 db "my name is dahatonde",0,10
     4 00000009 732064616861746F6E-
     5 00000012 6465000A           
     6                                  	len equ $-msg2
     7 00000016 707563736420697320-     	msg1 db "pucsd is pune",0,10
     8 0000001F 70756E65000A       
     9 00000025 7361676172000A          	msg3 db "sagar",0,10
    10 0000002C 0A000000140000001E-     	num1 dd 10,20,30
    11 00000035 000000             
    12 00000038 08000A00                	num2 dw 8,10
    13 0000003C 08000000000000000A-     	num3 dq 8,10
    14 00000045 00000000000000     
    15 0000004C 50756E6520556E6976-     	msg5 db "Pune University Pucsd sagar Dahatonde",0,10
    16 00000055 657273697479205075-
    17 0000005E 637364207361676172-
    18 00000067 2044616861746F6E64-
    19 00000070 65000A             
    20                                  
    21                                  
    22                                  section .bss
    23                                  
    24 00000000 <res 00000004>          	str2 resd 1
    25 00000004 <res 00000008>          	str6 resd 2
    26 0000000C <res 00000002>          	str1 resw 1
    27 0000000E <res 00000004>          	str7 resw 2
    28 00000012 <res 0000000A>          	str3 resb 10
    29 0000001C <res 00000002>          	str8 resb 2
    30 0000001E <res 00000008>          	str4 resq 1
    31 00000026 <res 00000010>          	str9 resq 2
    32 00000036 <res 0000000A>          	str5 rest 1
    33 00000040 <res 00000014>          	str10 rest 2
    34                                  
    35                                  section .text 
    36                                  	global main
    37                                  	extern printf
    38                                  
    39                                  main:
    40                                  	
    41 00000000 89C0                    	mov eax,eax
    42 00000002 89D8                    	mov eax,ebx
    43 00000004 89D3                    	mov ebx,edx
    44 00000006 89C7                    	mov edi,eax
    45 00000008 6689C0                  	mov ax,ax
    46 0000000B 6689D8                  	mov ax,bx
    47 0000000E 6689C3                  	mov bx,ax
    48 00000011 88C0                    	mov al,al
    49 00000013 88C3                    	mov bl,al	
    50                                  
    51                                  
    52 00000015 A1[00000000]            	mov eax,dword[msg2]
    53 0000001A 8B0D[2C000000]          	mov ecx,dword[num1]
    54 00000020 8B15[0C000000]          	mov edx,dword[str1]
    55 00000026 8B1D[2C000000]          	mov ebx,dword[num1]
    56 0000002C 8B25[2C000000]          	mov esp,dword[num1]
    57 00000032 8B35[00000000]          	mov esi,dword[str2]
    58                                  
    59                                  		
    60 00000038 66A1[2C000000]          	mov ax,word[num1]
    61 0000003E 668B1D[2C000000]        	mov bx,word[num1]
    62                                  
    63                                  	
    64 00000045 A0[2C000000]            	mov al,byte[num1]
    65 0000004A 8A1D[2C000000]          	mov bl,byte[num1]	
    66                                      	
    67                                  	
    68 00000050 B80A000000              	mov eax,10
    69 00000055 BF14000000              	mov edi,20
    70 0000005A 66B80A00                	mov ax,10
    71 0000005E 66BE0A00                	mov si,10
    72 00000062 B00A                    	mov al,10
    73 00000064 B20A                    	mov dl,10
    74                                  	
    75                                  	
    76 00000066 A3[00000000]            	mov dword[str2],eax
    77 0000006B 8915[00000000]          	mov dword[str2],edx
    78                                  
    79 00000071 66A3[0C000000]          	mov word[str1],ax
    80 00000077 66891D[0C000000]        	mov word[str1],bx
    81                                  
    82                                  	
    83 0000007E A2[0C000000]            	mov byte[str1],al
    84 00000083 881D[0C000000]          	mov byte[str1],bl
    85                                  
    86                                  	
    87 00000089 C705[00000000]0A00-     	mov dword[str2],10
    88 00000091 0000               
    89 00000093 66C705[0C000000]0A-     	mov word[str1],10
    90 0000009B 00                 
    91 0000009C C605[0C000000]0A        	mov byte[str1],10
    92 000000A3 01C0                    	add eax,eax
    93                                  
    94                                  
